<?xml version="1.0" encoding="UTF-8"?>
<!-- Generated by org.testng.reporters.JUnitXMLReporter -->
<testsuite ignored="0" hostname="LAPTOP-KQ9V90K9" failures="1" tests="3" name="Test" time="41.319" errors="0" timestamp="2026-02-01T01:12:12 IST">
  <testcase classname="testCases.TC002_LoginTest" name="verify_Login" time="11.053">
    <skipped/>
  </testcase> <!-- verify_Login -->
  <testcase classname="testCases.TC002_LoginTest" name="verify_Login" time="11.128">
    <skipped/>
  </testcase> <!-- verify_Login -->
  <testcase classname="testCases.TC002_LoginTest" name="verify_Login" time="10.809">
    <failure type="java.lang.AssertionError" message="expected [true] but found [false]">
      <![CDATA[java.lang.AssertionError: expected [true] but found [false]
at testCases.TC002_LoginTest.verify_Login(TC002_LoginTest.java:30)
at java.base/java.util.ArrayList.forEach(ArrayList.java:1511)
... Removed 31 stack frames]]>
    </failure>
  </testcase> <!-- verify_Login -->
</testsuite> <!-- Test -->
