<?xml version="1.0" encoding="UTF-8"?>
<!-- Generated by org.testng.reporters.JUnitXMLReporter -->
<testsuite ignored="0" hostname="LAPTOP-KQ9V90K9" failures="1" tests="7" name="Test" time="79.038" errors="0" timestamp="2026-01-31T12:33:45 IST">
  <testcase classname="testCases.TC001_AccountRegistrationTest" name="verify_account_registration" time="7.079"/>
  <testcase classname="testCases.TC002_LoginTest" name="verify_Login" time="13.185">
    <failure type="java.lang.AssertionError" message="expected [true] but found [false]">
      <![CDATA[java.lang.AssertionError: expected [true] but found [false]
at testCases.TC002_LoginTest.verify_Login(TC002_LoginTest.java:30)
at java.base/java.util.ArrayList.forEach(ArrayList.java:1511)
... Removed 31 stack frames]]>
    </failure>
  </testcase> <!-- verify_Login -->
  <testcase classname="testCases.LoginDDT" name="verify_loginDDT" time="3.545"/>
  <testcase classname="testCases.LoginDDT" name="verify_loginDDT" time="12.231"/>
  <testcase classname="testCases.LoginDDT" name="verify_loginDDT" time="11.764"/>
  <testcase classname="testCases.LoginDDT" name="verify_loginDDT" time="11.701"/>
  <testcase classname="testCases.LoginDDT" name="verify_loginDDT" time="2.431"/>
</testsuite> <!-- Test -->
