<?xml version="1.0" encoding="UTF-8"?>
<!-- Generated by org.testng.reporters.JUnitXMLReporter -->
<testsuite ignored="0" hostname="LAPTOP-KQ9V90K9" failures="1" tests="7" name="Test" time="86.731" errors="0" timestamp="2026-01-31T19:27:49 IST">
  <testcase classname="testCases.TC001_AccountRegistrationTest" name="verify_account_registration" time="6.96"/>
  <testcase classname="testCases.TC002_LoginTest" name="verify_Login" time="14.325">
    <failure type="java.lang.AssertionError" message="expected [true] but found [false]">
      <![CDATA[java.lang.AssertionError: expected [true] but found [false]
at testCases.TC002_LoginTest.verify_Login(TC002_LoginTest.java:30)
at java.base/java.util.ArrayList.forEach(ArrayList.java:1511)
... Removed 35 stack frames]]>
    </failure>
  </testcase> <!-- verify_Login -->
  <testcase classname="testCases.LoginDDT" name="verify_loginDDT" time="6.324"/>
  <testcase classname="testCases.LoginDDT" name="verify_loginDDT" time="13.133"/>
  <testcase classname="testCases.LoginDDT" name="verify_loginDDT" time="11.894"/>
  <testcase classname="testCases.LoginDDT" name="verify_loginDDT" time="11.321"/>
  <testcase classname="testCases.LoginDDT" name="verify_loginDDT" time="3.433"/>
</testsuite> <!-- Test -->
