<?xml version="1.0" encoding="UTF-8"?>
<testng-results ignored="0" total="1" passed="1" failed="0" skipped="0">
  <reporter-output>
  </reporter-output>
  <suite started-at="2026-02-01T00:10:26 IST" name="Suite" finished-at="2026-02-01T00:10:35 IST" duration-ms="8568">
    <groups>
      <group name="Master">
        <method signature="TC005_AddProductToCart.AddToCartPageTest()[pri:0, instance:testCases.TC005_AddProductToCart@2f4205be]" name="AddToCartPageTest" class="testCases.TC005_AddProductToCart"/>
      </group> <!-- Master -->
    </groups>
    <test started-at="2026-02-01T00:10:26 IST" name="Test" finished-at="2026-02-01T00:10:35 IST" duration-ms="8568">
      <class name="testCases.TC005_AddProductToCart">
        <test-method is-config="true" signature="setup(java.lang.String,java.lang.String)[pri:0, instance:testCases.TC005_AddProductToCart@2f4205be]" started-at="2026-02-01T00:10:27 IST" name="setup" finished-at="2026-02-01T00:10:32 IST" duration-ms="4925" status="PASS">
          <params>
            <param index="0">
              <value>
                <![CDATA[Windows]]>
              </value>
            </param>
            <param index="1">
              <value>
                <![CDATA[chrome]]>
              </value>
            </param>
          </params>
          <reporter-output>
          </reporter-output>
        </test-method> <!-- setup -->
        <test-method signature="AddToCartPageTest()[pri:0, instance:testCases.TC005_AddProductToCart@2f4205be]" started-at="2026-02-01T00:10:32 IST" name="AddToCartPageTest" finished-at="2026-02-01T00:10:34 IST" duration-ms="2778" status="PASS">
          <reporter-output>
          </reporter-output>
        </test-method> <!-- AddToCartPageTest -->
        <test-method is-config="true" signature="tearDown()[pri:0, instance:testCases.TC005_AddProductToCart@2f4205be]" started-at="2026-02-01T00:10:34 IST" name="tearDown" finished-at="2026-02-01T00:10:35 IST" duration-ms="489" status="PASS">
          <reporter-output>
          </reporter-output>
        </test-method> <!-- tearDown -->
      </class> <!-- testCases.TC005_AddProductToCart -->
    </test> <!-- Test -->
  </suite> <!-- Suite -->
</testng-results>
