<?xml version="1.0" encoding="UTF-8"?>
<!-- Generated by org.testng.reporters.JUnitReportReporter -->
<testsuite hostname="LAPTOP-KQ9V90K9" failures="0" tests="5" name="testCases.LoginDDT" time="41.672" errors="0" timestamp="2026-01-31T12:33:45 IST" skipped="0">
  <testcase classname="testCases.LoginDDT" name="verify_loginDDT" time="2.431"/>
  <testcase classname="testCases.LoginDDT" name="verify_loginDDT" time="3.545"/>
  <testcase classname="testCases.LoginDDT" name="verify_loginDDT" time="11.701"/>
  <testcase classname="testCases.LoginDDT" name="verify_loginDDT" time="11.764"/>
  <testcase classname="testCases.LoginDDT" name="verify_loginDDT" time="12.231"/>
</testsuite> <!-- testCases.LoginDDT -->
