<?xml version="1.0" encoding="UTF-8"?>
<!-- Generated by org.testng.reporters.JUnitReportReporter -->
<testsuite hostname="LAPTOP-KQ9V90K9" failures="0" tests="5" name="testCases.LoginDDT" time="46.105" errors="0" timestamp="2026-01-31T19:27:49 IST" skipped="0">
  <testcase classname="testCases.LoginDDT" name="verify_loginDDT" time="13.133"/>
  <testcase classname="testCases.LoginDDT" name="verify_loginDDT" time="11.321"/>
  <testcase classname="testCases.LoginDDT" name="verify_loginDDT" time="3.433"/>
  <testcase classname="testCases.LoginDDT" name="verify_loginDDT" time="6.324"/>
  <testcase classname="testCases.LoginDDT" name="verify_loginDDT" time="11.894"/>
</testsuite> <!-- testCases.LoginDDT -->
